<?xml version="1.0" encoding="UTF-8"?>
<!-- Generated by org.testng.reporters.JUnitReportReporter -->
<testsuite hostname="DESKTOP-M9KO2L5" failures="0" tests="1" name="basic.LeadsTest" time="30.139" errors="0" timestamp="2024-03-23T09:49:14 IST" skipped="0">
  <testcase classname="basic.LeadsTest" name="createLeads" time="30.139"/>
  <system-out/>
</testsuite> <!-- basic.LeadsTest -->
