<?xml version="1.0" encoding="UTF-8"?>
<!-- Generated by org.testng.reporters.JUnitReportReporter -->
<testsuite hostname="DESKTOP-M9KO2L5" failures="0" tests="1" name="basic.OrganizationsTest" time="141.007" errors="0" timestamp="2024-03-23T09:45:51 IST" skipped="0">
  <testcase classname="basic.OrganizationsTest" name="createOrganizations" time="141.007"/>
  <system-out/>
</testsuite> <!-- basic.OrganizationsTest -->
