<?xml version="1.0" encoding="UTF-8"?>
<!-- Generated by org.testng.reporters.JUnitReportReporter -->
<testsuite hostname="DESKTOP-M9KO2L5" failures="0" tests="1" name="basic.OrganizationsTest" time="20.734" errors="0" timestamp="2024-03-22T10:23:01 IST" skipped="0">
  <testcase classname="basic.OrganizationsTest" name="createOrganizations" time="20.734"/>
  <system-out/>
</testsuite> <!-- basic.OrganizationsTest -->
